<?xml version="1.0" encoding="UTF-8"?><testsuite errors="0" failures="1" name="com.ecom.junit.Assignment1" skipped="0" tests="2" time="4.72" timestamp="2021-02-59 03:55:30"><testcase classname="com.ecom.junit.Assignment1" name="Get response for XYZ"><failure message="1 expectation failed.&#10;Expected status code &lt;200&gt; but was &lt;404&gt;.&#10;" type="java.lang.AssertionError">1 expectation failed.
Expected status code &lt;200&gt; but was &lt;404&gt;.
</failure><system-err>1 expectation failed.
Expected status code &lt;200&gt; but was &lt;404&gt;.
&#13;
io.restassured.internal.ResponseSpecificationImpl.validateResponseIfRequired(ResponseSpecificationImpl.groovy:636)&#13;
io.restassured.internal.ResponseSpecificationImpl.statusCode(ResponseSpecificationImpl.groovy:122)&#13;
io.restassured.internal.ResponseSpecificationImpl.statusCode(ResponseSpecificationImpl.groovy:130)&#13;
io.restassured.internal.ValidatableResponseOptionsImpl.statusCode(ValidatableResponseOptionsImpl.java:117)&#13;
com.ecom.junit.Assignment1.getResponseForXYZ(Assignment1.java:41)&#13;
</system-err></testcase><testcase classname="com.ecom.junit.Assignment1" name="Get response for INDIA"/></testsuite>